# JRE version: OpenJDK Runtime Environment (8.0_202-b03) (build 1.8.0_202-release-1483-b03)
# Java VM: OpenJDK 64-Bit Server VM (25.202-b03 mixed mode windows-amd64 compressed oops)
Heap:
 PSYoungGen      total 304128K, used 139850K [0x00000000e0000000, 0x00000000f6100000, 0x0000000100000000)
  eden space 257536K, 54% used [0x00000000e0000000,0x00000000e8892950,0x00000000efb80000)
  from space 46592K, 0% used [0x00000000f2a00000,0x00000000f2a00000,0x00000000f5780000)
  to   space 47616K, 0% used [0x00000000efb80000,0x00000000efb80000,0x00000000f2a00000)
 ParOldGen       total 400384K, used 61142K [0x00000000a0000000, 0x00000000b8700000, 0x00000000e0000000)
  object space 400384K, 15% used [0x00000000a0000000,0x00000000a3bb59b0,0x00000000b8700000)
 Metaspace       used 93457K, capacity 97314K, committed 98624K, reserved 1134592K
  class space    used 11820K, capacity 12553K, committed 12928K, reserved 1048576K
GC Heap History (10 events):
Event: 4344.275 GC heap before
{Heap before GC invocations=26 (full 3):
 PSYoungGen      total 251392K, used 247329K [0x00000000e0000000, 0x00000000f2980000, 0x0000000100000000)
  eden space 210432K, 100% used [0x00000000e0000000,0x00000000ecd80000,0x00000000ecd80000)
  from space 40960K, 90% used [0x00000000efa00000,0x00000000f1e08640,0x00000000f2200000)
  to   space 45568K, 0% used [0x00000000ecd80000,0x00000000ecd80000,0x00000000efa00000)
 ParOldGen       total 295936K, used 70687K [0x00000000a0000000, 0x00000000b2100000, 0x00000000e0000000)
  object space 295936K, 23% used [0x00000000a0000000,0x00000000a4507de0,0x00000000b2100000)
 Metaspace       used 86830K, capacity 91528K, committed 91648K, reserved 1128448K
  class space    used 11202K, capacity 11990K, committed 12032K, reserved 1048576K
Event: 4344.294 GC heap after
Heap after GC invocations=26 (full 3):
 PSYoungGen      total 256000K, used 27757K [0x00000000e0000000, 0x00000000f4680000, 0x0000000100000000)
  eden space 210432K, 0% used [0x00000000e0000000,0x00000000e0000000,0x00000000ecd80000)
  from space 45568K, 60% used [0x00000000ecd80000,0x00000000ee89b5b8,0x00000000efa00000)
  to   space 45568K, 0% used [0x00000000f1a00000,0x00000000f1a00000,0x00000000f4680000)
 ParOldGen       total 295936K, used 70695K [0x00000000a0000000, 0x00000000b2100000, 0x00000000e0000000)
  object space 295936K, 23% used [0x00000000a0000000,0x00000000a4509de0,0x00000000b2100000)
 Metaspace       used 86830K, capacity 91528K, committed 91648K, reserved 1128448K
  class space    used 11202K, capacity 11990K, committed 12032K, reserved 1048576K
}
Event: 5422.299 GC heap before
{Heap before GC invocations=27 (full 3):
 PSYoungGen      total 256000K, used 238189K [0x00000000e0000000, 0x00000000f4680000, 0x0000000100000000)
  eden space 210432K, 100% used [0x00000000e0000000,0x00000000ecd80000,0x00000000ecd80000)
  from space 45568K, 60% used [0x00000000ecd80000,0x00000000ee89b5b8,0x00000000efa00000)
  to   space 45568K, 0% used [0x00000000f1a00000,0x00000000f1a00000,0x00000000f4680000)
 ParOldGen       total 295936K, used 70695K [0x00000000a0000000, 0x00000000b2100000, 0x00000000e0000000)
  object space 295936K, 23% used [0x00000000a0000000,0x00000000a4509de0,0x00000000b2100000)
 Metaspace       used 87792K, capacity 92786K, committed 93056K, reserved 1130496K
  class space    used 11279K, capacity 12101K, committed 12160K, reserved 1048576K
Event: 5422.316 GC heap after
Heap after GC invocations=27 (full 3):
 PSYoungGen      total 276480K, used 25643K [0x00000000e0000000, 0x00000000f3f80000, 0x0000000100000000)
  eden space 238080K, 0% used [0x00000000e0000000,0x00000000e0000000,0x00000000ee880000)
  from space 38400K, 66% used [0x00000000f1a00000,0x00000000f330af38,0x00000000f3f80000)
  to   space 44544K, 0% used [0x00000000ee880000,0x00000000ee880000,0x00000000f1400000)
 ParOldGen       total 295936K, used 70703K [0x00000000a0000000, 0x00000000b2100000, 0x00000000e0000000)
  object space 295936K, 23% used [0x00000000a0000000,0x00000000a450bde0,0x00000000b2100000)
 Metaspace       used 87792K, capacity 92786K, committed 93056K, reserved 1130496K
  class space    used 11279K, capacity 12101K, committed 12160K, reserved 1048576K
}
Event: 5428.119 GC heap before
{Heap before GC invocations=28 (full 3):
 PSYoungGen      total 276480K, used 263723K [0x00000000e0000000, 0x00000000f3f80000, 0x0000000100000000)
  eden space 238080K, 100% used [0x00000000e0000000,0x00000000ee880000,0x00000000ee880000)
  from space 38400K, 66% used [0x00000000f1a00000,0x00000000f330af38,0x00000000f3f80000)
  to   space 44544K, 0% used [0x00000000ee880000,0x00000000ee880000,0x00000000f1400000)
 ParOldGen       total 295936K, used 70703K [0x00000000a0000000, 0x00000000b2100000, 0x00000000e0000000)
  object space 295936K, 23% used [0x00000000a0000000,0x00000000a450bde0,0x00000000b2100000)
 Metaspace       used 93141K, capacity 98304K, committed 98496K, reserved 1134592K
  class space    used 11850K, capacity 12754K, committed 12800K, reserved 1048576K
Event: 5428.140 GC heap after
Heap after GC invocations=28 (full 3):
 PSYoungGen      total 282624K, used 34134K [0x00000000e0000000, 0x00000000f5780000, 0x0000000100000000)
  eden space 238080K, 0% used [0x00000000e0000000,0x00000000e0000000,0x00000000ee880000)
  from space 44544K, 76% used [0x00000000ee880000,0x00000000f09d59b8,0x00000000f1400000)
  to   space 46592K, 0% used [0x00000000f2a00000,0x00000000f2a00000,0x00000000f5780000)
 ParOldGen       total 295936K, used 70711K [0x00000000a0000000, 0x00000000b2100000, 0x00000000e0000000)
  object space 295936K, 23% used [0x00000000a0000000,0x00000000a450dde0,0x00000000b2100000)
 Metaspace       used 93141K, capacity 98304K, committed 98496K, reserved 1134592K
  class space    used 11850K, capacity 12754K, committed 12800K, reserved 1048576K
}
Event: 5428.705 GC heap before
{Heap before GC invocations=29 (full 3):
 PSYoungGen      total 282624K, used 148443K [0x00000000e0000000, 0x00000000f5780000, 0x0000000100000000)
  eden space 238080K, 48% used [0x00000000e0000000,0x00000000e6fa1390,0x00000000ee880000)
  from space 44544K, 76% used [0x00000000ee880000,0x00000000f09d59b8,0x00000000f1400000)
  to   space 46592K, 0% used [0x00000000f2a00000,0x00000000f2a00000,0x00000000f5780000)
 ParOldGen       total 295936K, used 70711K [0x00000000a0000000, 0x00000000b2100000, 0x00000000e0000000)
  object space 295936K, 23% used [0x00000000a0000000,0x00000000a450dde0,0x00000000b2100000)
 Metaspace       used 93313K, capacity 98450K, committed 98496K, reserved 1134592K
  class space    used 11873K, capacity 12757K, committed 12800K, reserved 1048576K
Event: 5428.721 GC heap after
Heap after GC invocations=29 (full 3):
 PSYoungGen      total 304128K, used 31939K [0x00000000e0000000, 0x00000000f6100000, 0x0000000100000000)
  eden space 257536K, 0% used [0x00000000e0000000,0x00000000e0000000,0x00000000efb80000)
  from space 46592K, 68% used [0x00000000f2a00000,0x00000000f4930fa8,0x00000000f5780000)
  to   space 47616K, 0% used [0x00000000efb80000,0x00000000efb80000,0x00000000f2a00000)
 ParOldGen       total 295936K, used 70719K [0x00000000a0000000, 0x00000000b2100000, 0x00000000e0000000)
  object space 295936K, 23% used [0x00000000a0000000,0x00000000a450fde0,0x00000000b2100000)
 Metaspace       used 93313K, capacity 98450K, committed 98496K, reserved 1134592K
  class space    used 11873K, capacity 12757K, committed 12800K, reserved 1048576K
}
Event: 5428.721 GC heap before
{Heap before GC invocations=30 (full 4):
 PSYoungGen      total 304128K, used 31939K [0x00000000e0000000, 0x00000000f6100000, 0x0000000100000000)
  eden space 257536K, 0% used [0x00000000e0000000,0x00000000e0000000,0x00000000efb80000)
  from space 46592K, 68% used [0x00000000f2a00000,0x00000000f4930fa8,0x00000000f5780000)
  to   space 47616K, 0% used [0x00000000efb80000,0x00000000efb80000,0x00000000f2a00000)
 ParOldGen       total 295936K, used 70719K [0x00000000a0000000, 0x00000000b2100000, 0x00000000e0000000)
  object space 295936K, 23% used [0x00000000a0000000,0x00000000a450fde0,0x00000000b2100000)
 Metaspace       used 93313K, capacity 98450K, committed 98496K, reserved 1134592K
  class space    used 11873K, capacity 12757K, committed 12800K, reserved 1048576K
Event: 5428.899 GC heap after
Heap after GC invocations=30 (full 4):
 PSYoungGen      total 304128K, used 0K [0x00000000e0000000, 0x00000000f6100000, 0x0000000100000000)
  eden space 257536K, 0% used [0x00000000e0000000,0x00000000e0000000,0x00000000efb80000)
  from space 46592K, 0% used [0x00000000f2a00000,0x00000000f2a00000,0x00000000f5780000)
  to   space 47616K, 0% used [0x00000000efb80000,0x00000000efb80000,0x00000000f2a00000)
 ParOldGen       total 400384K, used 61142K [0x00000000a0000000, 0x00000000b8700000, 0x00000000e0000000)
  object space 400384K, 15% used [0x00000000a0000000,0x00000000a3bb59b0,0x00000000b8700000)
 Metaspace       used 91803K, capacity 95566K, committed 98496K, reserved 1134592K
  class space    used 11562K, capacity 12285K, committed 12800K, reserved 1048576K
}

