# JRE version: OpenJDK Runtime Environment (8.0_202-b03) (build 1.8.0_202-release-1483-b03)
# Java VM: OpenJDK 64-Bit Server VM (25.202-b03 mixed mode windows-amd64 compressed oops)
Heap:
 PSYoungGen      total 107008K, used 16878K [0x000000076bd00000, 0x0000000776900000, 0x00000007c0000000)
  eden space 96256K, 6% used [0x000000076bd00000,0x000000076c2fc718,0x0000000771b00000)
  from space 10752K, 99% used [0x0000000771b00000,0x000000077257f328,0x0000000772580000)
  to   space 20480K, 0% used [0x0000000775500000,0x0000000775500000,0x0000000776900000)
 ParOldGen       total 182272K, used 26079K [0x00000006c3600000, 0x00000006ce800000, 0x000000076bd00000)
  object space 182272K, 14% used [0x00000006c3600000,0x00000006c4f77e48,0x00000006ce800000)
 Metaspace       used 41521K, capacity 42204K, committed 42496K, reserved 1087488K
  class space    used 5161K, capacity 5345K, committed 5376K, reserved 1048576K
GC Heap History (10 events):
Event: 1.183 GC heap before
{Heap before GC invocations=3 (full 1):
 PSYoungGen      total 75776K, used 8924K [0x000000076bd00000, 0x0000000775100000, 0x00000007c0000000)
  eden space 65024K, 0% used [0x000000076bd00000,0x000000076bd00000,0x000000076fc80000)
  from space 10752K, 82% used [0x0000000770700000,0x0000000770fb7020,0x0000000771180000)
  to   space 10752K, 0% used [0x000000076fc80000,0x000000076fc80000,0x0000000770700000)
 ParOldGen       total 173568K, used 4732K [0x00000006c3600000, 0x00000006cdf80000, 0x000000076bd00000)
  object space 173568K, 2% used [0x00000006c3600000,0x00000006c3a9f2b0,0x00000006cdf80000)
 Metaspace       used 20758K, capacity 21130K, committed 21296K, reserved 1069056K
  class space    used 2482K, capacity 2629K, committed 2688K, reserved 1048576K
Event: 1.206 GC heap after
Heap after GC invocations=3 (full 1):
 PSYoungGen      total 75776K, used 0K [0x000000076bd00000, 0x0000000775100000, 0x00000007c0000000)
  eden space 65024K, 0% used [0x000000076bd00000,0x000000076bd00000,0x000000076fc80000)
  from space 10752K, 0% used [0x0000000770700000,0x0000000770700000,0x0000000771180000)
  to   space 10752K, 0% used [0x000000076fc80000,0x000000076fc80000,0x0000000770700000)
 ParOldGen       total 113664K, used 8662K [0x00000006c3600000, 0x00000006ca500000, 0x000000076bd00000)
  object space 113664K, 7% used [0x00000006c3600000,0x00000006c3e75950,0x00000006ca500000)
 Metaspace       used 20758K, capacity 21130K, committed 21296K, reserved 1069056K
  class space    used 2482K, capacity 2629K, committed 2688K, reserved 1048576K
}
Event: 1.847 GC heap before
{Heap before GC invocations=4 (full 1):
 PSYoungGen      total 75776K, used 65024K [0x000000076bd00000, 0x0000000775100000, 0x00000007c0000000)
  eden space 65024K, 100% used [0x000000076bd00000,0x000000076fc80000,0x000000076fc80000)
  from space 10752K, 0% used [0x0000000770700000,0x0000000770700000,0x0000000771180000)
  to   space 10752K, 0% used [0x000000076fc80000,0x000000076fc80000,0x0000000770700000)
 ParOldGen       total 113664K, used 8662K [0x00000006c3600000, 0x00000006ca500000, 0x000000076bd00000)
  object space 113664K, 7% used [0x00000006c3600000,0x00000006c3e75950,0x00000006ca500000)
 Metaspace       used 29807K, capacity 30344K, committed 30720K, reserved 1075200K
  class space    used 3842K, capacity 3992K, committed 4096K, reserved 1048576K
Event: 1.857 GC heap after
Heap after GC invocations=4 (full 1):
 PSYoungGen      total 75776K, used 10737K [0x000000076bd00000, 0x0000000773000000, 0x00000007c0000000)
  eden space 65024K, 0% used [0x000000076bd00000,0x000000076bd00000,0x000000076fc80000)
  from space 10752K, 99% used [0x000000076fc80000,0x00000007706fc5c8,0x0000000770700000)
  to   space 10752K, 0% used [0x0000000772580000,0x0000000772580000,0x0000000773000000)
 ParOldGen       total 113664K, used 14351K [0x00000006c3600000, 0x00000006ca500000, 0x000000076bd00000)
  object space 113664K, 12% used [0x00000006c3600000,0x00000006c4403dc8,0x00000006ca500000)
 Metaspace       used 29807K, capacity 30344K, committed 30720K, reserved 1075200K
  class space    used 3842K, capacity 3992K, committed 4096K, reserved 1048576K
}
Event: 2.166 GC heap before
{Heap before GC invocations=5 (full 1):
 PSYoungGen      total 75776K, used 38491K [0x000000076bd00000, 0x0000000773000000, 0x00000007c0000000)
  eden space 65024K, 42% used [0x000000076bd00000,0x000000076d81aa00,0x000000076fc80000)
  from space 10752K, 99% used [0x000000076fc80000,0x00000007706fc5c8,0x0000000770700000)
  to   space 10752K, 0% used [0x0000000772580000,0x0000000772580000,0x0000000773000000)
 ParOldGen       total 113664K, used 14351K [0x00000006c3600000, 0x00000006ca500000, 0x000000076bd00000)
  object space 113664K, 12% used [0x00000006c3600000,0x00000006c4403dc8,0x00000006ca500000)
 Metaspace       used 34787K, capacity 35272K, committed 35456K, reserved 1079296K
  class space    used 4508K, capacity 4662K, committed 4736K, reserved 1048576K
Event: 2.173 GC heap after
Heap after GC invocations=5 (full 1):
 PSYoungGen      total 107008K, used 10736K [0x000000076bd00000, 0x0000000773100000, 0x00000007c0000000)
  eden space 96256K, 0% used [0x000000076bd00000,0x000000076bd00000,0x0000000771b00000)
  from space 10752K, 99% used [0x0000000772580000,0x0000000772ffc350,0x0000000773000000)
  to   space 10752K, 0% used [0x0000000771b00000,0x0000000771b00000,0x0000000772580000)
 ParOldGen       total 113664K, used 17036K [0x00000006c3600000, 0x00000006ca500000, 0x000000076bd00000)
  object space 113664K, 14% used [0x00000006c3600000,0x00000006c46a31f0,0x00000006ca500000)
 Metaspace       used 34787K, capacity 35272K, committed 35456K, reserved 1079296K
  class space    used 4508K, capacity 4662K, committed 4736K, reserved 1048576K
}
Event: 2.173 GC heap before
{Heap before GC invocations=6 (full 2):
 PSYoungGen      total 107008K, used 10736K [0x000000076bd00000, 0x0000000773100000, 0x00000007c0000000)
  eden space 96256K, 0% used [0x000000076bd00000,0x000000076bd00000,0x0000000771b00000)
  from space 10752K, 99% used [0x0000000772580000,0x0000000772ffc350,0x0000000773000000)
  to   space 10752K, 0% used [0x0000000771b00000,0x0000000771b00000,0x0000000772580000)
 ParOldGen       total 113664K, used 17036K [0x00000006c3600000, 0x00000006ca500000, 0x000000076bd00000)
  object space 113664K, 14% used [0x00000006c3600000,0x00000006c46a31f0,0x00000006ca500000)
 Metaspace       used 34787K, capacity 35272K, committed 35456K, reserved 1079296K
  class space    used 4508K, capacity 4662K, committed 4736K, reserved 1048576K
Event: 2.205 GC heap after
Heap after GC invocations=6 (full 2):
 PSYoungGen      total 107008K, used 0K [0x000000076bd00000, 0x0000000773100000, 0x00000007c0000000)
  eden space 96256K, 0% used [0x000000076bd00000,0x000000076bd00000,0x0000000771b00000)
  from space 10752K, 0% used [0x0000000772580000,0x0000000772580000,0x0000000773000000)
  to   space 10752K, 0% used [0x0000000771b00000,0x0000000771b00000,0x0000000772580000)
 ParOldGen       total 182272K, used 18623K [0x00000006c3600000, 0x00000006ce800000, 0x000000076bd00000)
  object space 182272K, 10% used [0x00000006c3600000,0x00000006c482feb8,0x00000006ce800000)
 Metaspace       used 34787K, capacity 35272K, committed 35456K, reserved 1079296K
  class space    used 4508K, capacity 4662K, committed 4736K, reserved 1048576K
}
Event: 3.110 GC heap before
{Heap before GC invocations=7 (full 2):
 PSYoungGen      total 107008K, used 96256K [0x000000076bd00000, 0x0000000773100000, 0x00000007c0000000)
  eden space 96256K, 100% used [0x000000076bd00000,0x0000000771b00000,0x0000000771b00000)
  from space 10752K, 0% used [0x0000000772580000,0x0000000772580000,0x0000000773000000)
  to   space 10752K, 0% used [0x0000000771b00000,0x0000000771b00000,0x0000000772580000)
 ParOldGen       total 182272K, used 18623K [0x00000006c3600000, 0x00000006ce800000, 0x000000076bd00000)
  object space 182272K, 10% used [0x00000006c3600000,0x00000006c482feb8,0x00000006ce800000)
 Metaspace       used 40759K, capacity 41446K, committed 41600K, reserved 1085440K
  class space    used 5054K, capacity 5244K, committed 5248K, reserved 1048576K
Event: 3.122 GC heap after
Heap after GC invocations=7 (full 2):
 PSYoungGen      total 107008K, used 10748K [0x000000076bd00000, 0x0000000776900000, 0x00000007c0000000)
  eden space 96256K, 0% used [0x000000076bd00000,0x000000076bd00000,0x0000000771b00000)
  from space 10752K, 99% used [0x0000000771b00000,0x000000077257f328,0x0000000772580000)
  to   space 20480K, 0% used [0x0000000775500000,0x0000000775500000,0x0000000776900000)
 ParOldGen       total 182272K, used 26079K [0x00000006c3600000, 0x00000006ce800000, 0x000000076bd00000)
  object space 182272K, 14% used [0x00000006c3600000,0x00000006c4f77e48,0x00000006ce800000)
 Metaspace       used 40759K, capacity 41446K, committed 41600K, reserved 1085440K
  class space    used 5054K, capacity 5244K, committed 5248K, reserved 1048576K
}

