# JRE version: OpenJDK Runtime Environment (8.0_202-b03) (build 1.8.0_202-release-1483-b03)
# Java VM: OpenJDK 64-Bit Server VM (25.202-b03 mixed mode windows-amd64 compressed oops)
Heap:
 PSYoungGen      total 300544K, used 121463K [0x00000000e0000000, 0x00000000f5580000, 0x0000000100000000)
  eden space 254464K, 37% used [0x00000000e0000000,0x00000000e5da9f30,0x00000000ef880000)
  from space 46080K, 55% used [0x00000000f2880000,0x00000000f4174050,0x00000000f5580000)
  to   space 47616K, 0% used [0x00000000ef880000,0x00000000ef880000,0x00000000f2700000)
 ParOldGen       total 284672K, used 89544K [0x00000000a0000000, 0x00000000b1600000, 0x00000000e0000000)
  object space 284672K, 31% used [0x00000000a0000000,0x00000000a57723a0,0x00000000b1600000)
 Metaspace       used 76345K, capacity 80240K, committed 80344K, reserved 1118208K
  class space    used 10451K, capacity 11182K, committed 11264K, reserved 1048576K
GC Heap History (10 events):
Event: 11.230 GC heap before
{Heap before GC invocations=19 (full 3):
 PSYoungGen      total 206336K, used 195756K [0x00000000e0000000, 0x00000000f1a80000, 0x0000000100000000)
  eden space 167424K, 100% used [0x00000000e0000000,0x00000000ea380000,0x00000000ea380000)
  from space 38912K, 72% used [0x00000000ea380000,0x00000000ebf2b060,0x00000000ec980000)
  to   space 40960K, 0% used [0x00000000ef280000,0x00000000ef280000,0x00000000f1a80000)
 ParOldGen       total 284672K, used 66722K [0x00000000a0000000, 0x00000000b1600000, 0x00000000e0000000)
  object space 284672K, 23% used [0x00000000a0000000,0x00000000a4128958,0x00000000b1600000)
 Metaspace       used 76136K, capacity 80012K, committed 80216K, reserved 1118208K
  class space    used 10440K, capacity 11114K, committed 11136K, reserved 1048576K
Event: 11.262 GC heap after
Heap after GC invocations=19 (full 3):
 PSYoungGen      total 246272K, used 31173K [0x00000000e0000000, 0x00000000f2880000, 0x0000000100000000)
  eden space 205312K, 0% used [0x00000000e0000000,0x00000000e0000000,0x00000000ec880000)
  from space 40960K, 76% used [0x00000000ef280000,0x00000000f10f1418,0x00000000f1a80000)
  to   space 43008K, 0% used [0x00000000ec880000,0x00000000ec880000,0x00000000ef280000)
 ParOldGen       total 284672K, used 66730K [0x00000000a0000000, 0x00000000b1600000, 0x00000000e0000000)
  object space 284672K, 23% used [0x00000000a0000000,0x00000000a412a958,0x00000000b1600000)
 Metaspace       used 76136K, capacity 80012K, committed 80216K, reserved 1118208K
  class space    used 10440K, capacity 11114K, committed 11136K, reserved 1048576K
}
Event: 11.711 GC heap before
{Heap before GC invocations=20 (full 3):
 PSYoungGen      total 246272K, used 236485K [0x00000000e0000000, 0x00000000f2880000, 0x0000000100000000)
  eden space 205312K, 100% used [0x00000000e0000000,0x00000000ec880000,0x00000000ec880000)
  from space 40960K, 76% used [0x00000000ef280000,0x00000000f10f1418,0x00000000f1a80000)
  to   space 43008K, 0% used [0x00000000ec880000,0x00000000ec880000,0x00000000ef280000)
 ParOldGen       total 284672K, used 66730K [0x00000000a0000000, 0x00000000b1600000, 0x00000000e0000000)
  object space 284672K, 23% used [0x00000000a0000000,0x00000000a412a958,0x00000000b1600000)
 Metaspace       used 76254K, capacity 80152K, committed 80344K, reserved 1118208K
  class space    used 10448K, capacity 11178K, committed 11264K, reserved 1048576K
Event: 11.738 GC heap after
Heap after GC invocations=20 (full 3):
 PSYoungGen      total 248320K, used 35261K [0x00000000e0000000, 0x00000000f4b80000, 0x0000000100000000)
  eden space 205312K, 0% used [0x00000000e0000000,0x00000000e0000000,0x00000000ec880000)
  from space 43008K, 81% used [0x00000000ec880000,0x00000000eeaef5c0,0x00000000ef280000)
  to   space 46080K, 0% used [0x00000000f1e80000,0x00000000f1e80000,0x00000000f4b80000)
 ParOldGen       total 284672K, used 66738K [0x00000000a0000000, 0x00000000b1600000, 0x00000000e0000000)
  object space 284672K, 23% used [0x00000000a0000000,0x00000000a412c958,0x00000000b1600000)
 Metaspace       used 76254K, capacity 80152K, committed 80344K, reserved 1118208K
  class space    used 10448K, capacity 11178K, committed 11264K, reserved 1048576K
}
Event: 12.021 GC heap before
{Heap before GC invocations=21 (full 3):
 PSYoungGen      total 248320K, used 240573K [0x00000000e0000000, 0x00000000f4b80000, 0x0000000100000000)
  eden space 205312K, 100% used [0x00000000e0000000,0x00000000ec880000,0x00000000ec880000)
  from space 43008K, 81% used [0x00000000ec880000,0x00000000eeaef5c0,0x00000000ef280000)
  to   space 46080K, 0% used [0x00000000f1e80000,0x00000000f1e80000,0x00000000f4b80000)
 ParOldGen       total 284672K, used 66738K [0x00000000a0000000, 0x00000000b1600000, 0x00000000e0000000)
  object space 284672K, 23% used [0x00000000a0000000,0x00000000a412c958,0x00000000b1600000)
 Metaspace       used 76295K, capacity 80234K, committed 80344K, reserved 1118208K
  class space    used 10450K, capacity 11181K, committed 11264K, reserved 1048576K
Event: 12.050 GC heap after
Heap after GC invocations=21 (full 3):
 PSYoungGen      total 251392K, used 39651K [0x00000000e0000000, 0x00000000f4b80000, 0x0000000100000000)
  eden space 205312K, 0% used [0x00000000e0000000,0x00000000e0000000,0x00000000ec880000)
  from space 46080K, 86% used [0x00000000f1e80000,0x00000000f4538e60,0x00000000f4b80000)
  to   space 43008K, 0% used [0x00000000ec880000,0x00000000ec880000,0x00000000ef280000)
 ParOldGen       total 284672K, used 66746K [0x00000000a0000000, 0x00000000b1600000, 0x00000000e0000000)
  object space 284672K, 23% used [0x00000000a0000000,0x00000000a412e958,0x00000000b1600000)
 Metaspace       used 76295K, capacity 80234K, committed 80344K, reserved 1118208K
  class space    used 10450K, capacity 11181K, committed 11264K, reserved 1048576K
}
Event: 12.333 GC heap before
{Heap before GC invocations=22 (full 3):
 PSYoungGen      total 251392K, used 244963K [0x00000000e0000000, 0x00000000f4b80000, 0x0000000100000000)
  eden space 205312K, 100% used [0x00000000e0000000,0x00000000ec880000,0x00000000ec880000)
  from space 46080K, 86% used [0x00000000f1e80000,0x00000000f4538e60,0x00000000f4b80000)
  to   space 43008K, 0% used [0x00000000ec880000,0x00000000ec880000,0x00000000ef280000)
 ParOldGen       total 284672K, used 66746K [0x00000000a0000000, 0x00000000b1600000, 0x00000000e0000000)
  object space 284672K, 23% used [0x00000000a0000000,0x00000000a412e958,0x00000000b1600000)
 Metaspace       used 76320K, capacity 80238K, committed 80344K, reserved 1118208K
  class space    used 10450K, capacity 11181K, committed 11264K, reserved 1048576K
Event: 12.361 GC heap after
Heap after GC invocations=22 (full 3):
 PSYoungGen      total 248320K, used 29695K [0x00000000e0000000, 0x00000000f5900000, 0x0000000100000000)
  eden space 205312K, 0% used [0x00000000e0000000,0x00000000e0000000,0x00000000ec880000)
  from space 43008K, 69% used [0x00000000ec880000,0x00000000ee57ff68,0x00000000ef280000)
  to   space 49664K, 0% used [0x00000000f2880000,0x00000000f2880000,0x00000000f5900000)
 ParOldGen       total 284672K, used 81342K [0x00000000a0000000, 0x00000000b1600000, 0x00000000e0000000)
  object space 284672K, 28% used [0x00000000a0000000,0x00000000a4f6f840,0x00000000b1600000)
 Metaspace       used 76320K, capacity 80238K, committed 80344K, reserved 1118208K
  class space    used 10450K, capacity 11181K, committed 11264K, reserved 1048576K
}
Event: 12.645 GC heap before
{Heap before GC invocations=23 (full 3):
 PSYoungGen      total 248320K, used 235007K [0x00000000e0000000, 0x00000000f5900000, 0x0000000100000000)
  eden space 205312K, 100% used [0x00000000e0000000,0x00000000ec880000,0x00000000ec880000)
  from space 43008K, 69% used [0x00000000ec880000,0x00000000ee57ff68,0x00000000ef280000)
  to   space 49664K, 0% used [0x00000000f2880000,0x00000000f2880000,0x00000000f5900000)
 ParOldGen       total 284672K, used 81342K [0x00000000a0000000, 0x00000000b1600000, 0x00000000e0000000)
  object space 284672K, 28% used [0x00000000a0000000,0x00000000a4f6f840,0x00000000b1600000)
 Metaspace       used 76342K, capacity 80240K, committed 80344K, reserved 1118208K
  class space    used 10451K, capacity 11182K, committed 11264K, reserved 1048576K
Event: 12.669 GC heap after
Heap after GC invocations=23 (full 3):
 PSYoungGen      total 300544K, used 25552K [0x00000000e0000000, 0x00000000f5580000, 0x0000000100000000)
  eden space 254464K, 0% used [0x00000000e0000000,0x00000000e0000000,0x00000000ef880000)
  from space 46080K, 55% used [0x00000000f2880000,0x00000000f4174050,0x00000000f5580000)
  to   space 47616K, 0% used [0x00000000ef880000,0x00000000ef880000,0x00000000f2700000)
 ParOldGen       total 284672K, used 89544K [0x00000000a0000000, 0x00000000b1600000, 0x00000000e0000000)
  object space 284672K, 31% used [0x00000000a0000000,0x00000000a57723a0,0x00000000b1600000)
 Metaspace       used 76342K, capacity 80240K, committed 80344K, reserved 1118208K
  class space    used 10451K, capacity 11182K, committed 11264K, reserved 1048576K
}

