# JRE version: OpenJDK Runtime Environment (8.0_202-b03) (build 1.8.0_202-release-1483-b03)
# Java VM: OpenJDK 64-Bit Server VM (25.202-b03 mixed mode windows-amd64 compressed oops)
Heap:
 PSYoungGen      total 266240K, used 21574K [0x00000000e0000000, 0x00000000f2a80000, 0x0000000100000000)
  eden space 235520K, 4% used [0x00000000e0000000,0x00000000e09d99b0,0x00000000ee600000)
  from space 30720K, 37% used [0x00000000ee600000,0x00000000ef138030,0x00000000f0400000)
  to   space 32256K, 0% used [0x00000000f0400000,0x00000000f0400000,0x00000000f2380000)
 ParOldGen       total 279552K, used 90300K [0x00000000a0000000, 0x00000000b1100000, 0x00000000e0000000)
  object space 279552K, 32% used [0x00000000a0000000,0x00000000a582f340,0x00000000b1100000)
 Metaspace       used 73096K, capacity 76590K, committed 76672K, reserved 1116160K
  class space    used 9924K, capacity 10580K, committed 10624K, reserved 1048576K
GC Heap History (10 events):
Event: 9.147 GC heap before
{Heap before GC invocations=16 (full 3):
 PSYoungGen      total 180224K, used 180206K [0x00000000e0000000, 0x00000000ef180000, 0x0000000100000000)
  eden space 153600K, 100% used [0x00000000e0000000,0x00000000e9600000,0x00000000e9600000)
  from space 26624K, 99% used [0x00000000eba00000,0x00000000ed3fbae0,0x00000000ed400000)
  to   space 36864K, 0% used [0x00000000e9600000,0x00000000e9600000,0x00000000eba00000)
 ParOldGen       total 279552K, used 66740K [0x00000000a0000000, 0x00000000b1100000, 0x00000000e0000000)
  object space 279552K, 23% used [0x00000000a0000000,0x00000000a412d030,0x00000000b1100000)
 Metaspace       used 72171K, capacity 75620K, committed 75904K, reserved 1114112K
  class space    used 9898K, capacity 10569K, committed 10624K, reserved 1048576K
Event: 9.175 GC heap after
Heap after GC invocations=16 (full 3):
 PSYoungGen      total 190464K, used 13654K [0x00000000e0000000, 0x00000000efc00000, 0x0000000100000000)
  eden space 153600K, 0% used [0x00000000e0000000,0x00000000e0000000,0x00000000e9600000)
  from space 36864K, 37% used [0x00000000e9600000,0x00000000ea3559f8,0x00000000eba00000)
  to   space 35328K, 0% used [0x00000000ed980000,0x00000000ed980000,0x00000000efc00000)
 ParOldGen       total 279552K, used 82458K [0x00000000a0000000, 0x00000000b1100000, 0x00000000e0000000)
  object space 279552K, 29% used [0x00000000a0000000,0x00000000a5086900,0x00000000b1100000)
 Metaspace       used 72171K, capacity 75620K, committed 75904K, reserved 1114112K
  class space    used 9898K, capacity 10569K, committed 10624K, reserved 1048576K
}
Event: 9.586 GC heap before
{Heap before GC invocations=17 (full 3):
 PSYoungGen      total 190464K, used 167254K [0x00000000e0000000, 0x00000000efc00000, 0x0000000100000000)
  eden space 153600K, 100% used [0x00000000e0000000,0x00000000e9600000,0x00000000e9600000)
  from space 36864K, 37% used [0x00000000e9600000,0x00000000ea3559f8,0x00000000eba00000)
  to   space 35328K, 0% used [0x00000000ed980000,0x00000000ed980000,0x00000000efc00000)
 ParOldGen       total 279552K, used 82458K [0x00000000a0000000, 0x00000000b1100000, 0x00000000e0000000)
  object space 279552K, 29% used [0x00000000a0000000,0x00000000a5086900,0x00000000b1100000)
 Metaspace       used 72493K, capacity 75982K, committed 76160K, reserved 1114112K
  class space    used 9902K, capacity 10572K, committed 10624K, reserved 1048576K
Event: 9.605 GC heap after
Heap after GC invocations=17 (full 3):
 PSYoungGen      total 224256K, used 14157K [0x00000000e0000000, 0x00000000efc00000, 0x0000000100000000)
  eden space 188928K, 0% used [0x00000000e0000000,0x00000000e0000000,0x00000000eb880000)
  from space 35328K, 40% used [0x00000000ed980000,0x00000000ee753660,0x00000000efc00000)
  to   space 33792K, 0% used [0x00000000eb880000,0x00000000eb880000,0x00000000ed980000)
 ParOldGen       total 279552K, used 82458K [0x00000000a0000000, 0x00000000b1100000, 0x00000000e0000000)
  object space 279552K, 29% used [0x00000000a0000000,0x00000000a5086900,0x00000000b1100000)
 Metaspace       used 72493K, capacity 75982K, committed 76160K, reserved 1114112K
  class space    used 9902K, capacity 10572K, committed 10624K, reserved 1048576K
}
Event: 9.998 GC heap before
{Heap before GC invocations=18 (full 3):
 PSYoungGen      total 224256K, used 203085K [0x00000000e0000000, 0x00000000efc00000, 0x0000000100000000)
  eden space 188928K, 100% used [0x00000000e0000000,0x00000000eb880000,0x00000000eb880000)
  from space 35328K, 40% used [0x00000000ed980000,0x00000000ee753660,0x00000000efc00000)
  to   space 33792K, 0% used [0x00000000eb880000,0x00000000eb880000,0x00000000ed980000)
 ParOldGen       total 279552K, used 82458K [0x00000000a0000000, 0x00000000b1100000, 0x00000000e0000000)
  object space 279552K, 29% used [0x00000000a0000000,0x00000000a5086900,0x00000000b1100000)
 Metaspace       used 72932K, capacity 76476K, committed 76672K, reserved 1116160K
  class space    used 9914K, capacity 10573K, committed 10624K, reserved 1048576K
Event: 10.011 GC heap after
Heap after GC invocations=18 (full 3):
 PSYoungGen      total 222720K, used 15249K [0x00000000e0000000, 0x00000000f2380000, 0x0000000100000000)
  eden space 188928K, 0% used [0x00000000e0000000,0x00000000e0000000,0x00000000eb880000)
  from space 33792K, 45% used [0x00000000eb880000,0x00000000ec7644a0,0x00000000ed980000)
  to   space 32256K, 0% used [0x00000000f0400000,0x00000000f0400000,0x00000000f2380000)
 ParOldGen       total 279552K, used 82466K [0x00000000a0000000, 0x00000000b1100000, 0x00000000e0000000)
  object space 279552K, 29% used [0x00000000a0000000,0x00000000a5088900,0x00000000b1100000)
 Metaspace       used 72932K, capacity 76476K, committed 76672K, reserved 1116160K
  class space    used 9914K, capacity 10573K, committed 10624K, reserved 1048576K
}
Event: 10.354 GC heap before
{Heap before GC invocations=19 (full 3):
 PSYoungGen      total 222720K, used 204177K [0x00000000e0000000, 0x00000000f2380000, 0x0000000100000000)
  eden space 188928K, 100% used [0x00000000e0000000,0x00000000eb880000,0x00000000eb880000)
  from space 33792K, 45% used [0x00000000eb880000,0x00000000ec7644a0,0x00000000ed980000)
  to   space 32256K, 0% used [0x00000000f0400000,0x00000000f0400000,0x00000000f2380000)
 ParOldGen       total 279552K, used 82466K [0x00000000a0000000, 0x00000000b1100000, 0x00000000e0000000)
  object space 279552K, 29% used [0x00000000a0000000,0x00000000a5088900,0x00000000b1100000)
 Metaspace       used 73055K, capacity 76572K, committed 76672K, reserved 1116160K
  class space    used 9921K, capacity 10577K, committed 10624K, reserved 1048576K
Event: 10.386 GC heap after
Heap after GC invocations=19 (full 3):
 PSYoungGen      total 267776K, used 16557K [0x00000000e0000000, 0x00000000f2a80000, 0x0000000100000000)
  eden space 235520K, 0% used [0x00000000e0000000,0x00000000e0000000,0x00000000ee600000)
  from space 32256K, 51% used [0x00000000f0400000,0x00000000f142b6c0,0x00000000f2380000)
  to   space 30720K, 0% used [0x00000000ee600000,0x00000000ee600000,0x00000000f0400000)
 ParOldGen       total 279552K, used 82466K [0x00000000a0000000, 0x00000000b1100000, 0x00000000e0000000)
  object space 279552K, 29% used [0x00000000a0000000,0x00000000a5088900,0x00000000b1100000)
 Metaspace       used 73055K, capacity 76572K, committed 76672K, reserved 1116160K
  class space    used 9921K, capacity 10577K, committed 10624K, reserved 1048576K
}
Event: 10.789 GC heap before
{Heap before GC invocations=20 (full 3):
 PSYoungGen      total 267776K, used 252077K [0x00000000e0000000, 0x00000000f2a80000, 0x0000000100000000)
  eden space 235520K, 100% used [0x00000000e0000000,0x00000000ee600000,0x00000000ee600000)
  from space 32256K, 51% used [0x00000000f0400000,0x00000000f142b6c0,0x00000000f2380000)
  to   space 30720K, 0% used [0x00000000ee600000,0x00000000ee600000,0x00000000f0400000)
 ParOldGen       total 279552K, used 82466K [0x00000000a0000000, 0x00000000b1100000, 0x00000000e0000000)
  object space 279552K, 29% used [0x00000000a0000000,0x00000000a5088900,0x00000000b1100000)
 Metaspace       used 73096K, capacity 76590K, committed 76672K, reserved 1116160K
  class space    used 9924K, capacity 10580K, committed 10624K, reserved 1048576K
Event: 10.808 GC heap after
Heap after GC invocations=20 (full 3):
 PSYoungGen      total 266240K, used 11488K [0x00000000e0000000, 0x00000000f2a80000, 0x0000000100000000)
  eden space 235520K, 0% used [0x00000000e0000000,0x00000000e0000000,0x00000000ee600000)
  from space 30720K, 37% used [0x00000000ee600000,0x00000000ef138030,0x00000000f0400000)
  to   space 32256K, 0% used [0x00000000f0400000,0x00000000f0400000,0x00000000f2380000)
 ParOldGen       total 279552K, used 90300K [0x00000000a0000000, 0x00000000b1100000, 0x00000000e0000000)
  object space 279552K, 32% used [0x00000000a0000000,0x00000000a582f340,0x00000000b1100000)
 Metaspace       used 73096K, capacity 76590K, committed 76672K, reserved 1116160K
  class space    used 9924K, capacity 10580K, committed 10624K, reserved 1048576K
}

