# JRE version: OpenJDK Runtime Environment (8.0_202-b03) (build 1.8.0_202-release-1483-b03)
# Java VM: OpenJDK 64-Bit Server VM (25.202-b03 mixed mode windows-amd64 compressed oops)
Heap:
 PSYoungGen      total 140800K, used 45256K [0x000000076bd00000, 0x0000000775100000, 0x00000007c0000000)
  eden space 130048K, 26% used [0x000000076bd00000,0x000000076deb2d80,0x0000000773c00000)
  from space 10752K, 99% used [0x0000000774680000,0x00000007750ff430,0x0000000775100000)
  to   space 10752K, 0% used [0x0000000773c00000,0x0000000773c00000,0x0000000774680000)
 ParOldGen       total 114688K, used 44768K [0x00000006c3600000, 0x00000006ca600000, 0x000000076bd00000)
  object space 114688K, 39% used [0x00000006c3600000,0x00000006c61b8258,0x00000006ca600000)
 Metaspace       used 49552K, capacity 50462K, committed 50688K, reserved 1093632K
  class space    used 6350K, capacity 6624K, committed 6656K, reserved 1048576K
GC Heap History (10 events):
Event: 1.194 GC heap before
{Heap before GC invocations=2 (full 0):
 PSYoungGen      total 75776K, used 29416K [0x000000076bd00000, 0x0000000775100000, 0x00000007c0000000)
  eden space 65024K, 28% used [0x000000076bd00000,0x000000076cf3b610,0x000000076fc80000)
  from space 10752K, 99% used [0x000000076fc80000,0x00000007706fea90,0x0000000770700000)
  to   space 10752K, 0% used [0x0000000774680000,0x0000000774680000,0x0000000775100000)
 ParOldGen       total 173568K, used 4629K [0x00000006c3600000, 0x00000006cdf80000, 0x000000076bd00000)
  object space 173568K, 2% used [0x00000006c3600000,0x00000006c3a857c0,0x00000006cdf80000)
 Metaspace       used 20761K, capacity 21142K, committed 21296K, reserved 1069056K
  class space    used 2481K, capacity 2629K, committed 2688K, reserved 1048576K
Event: 1.199 GC heap after
Heap after GC invocations=2 (full 0):
 PSYoungGen      total 140800K, used 9023K [0x000000076bd00000, 0x0000000775100000, 0x00000007c0000000)
  eden space 130048K, 0% used [0x000000076bd00000,0x000000076bd00000,0x0000000773c00000)
  from space 10752K, 83% used [0x0000000774680000,0x0000000774f4ff80,0x0000000775100000)
  to   space 10752K, 0% used [0x0000000773c00000,0x0000000773c00000,0x0000000774680000)
 ParOldGen       total 173568K, used 4701K [0x00000006c3600000, 0x00000006cdf80000, 0x000000076bd00000)
  object space 173568K, 2% used [0x00000006c3600000,0x00000006c3a977d0,0x00000006cdf80000)
 Metaspace       used 20761K, capacity 21142K, committed 21296K, reserved 1069056K
  class space    used 2481K, capacity 2629K, committed 2688K, reserved 1048576K
}
Event: 1.199 GC heap before
{Heap before GC invocations=3 (full 1):
 PSYoungGen      total 140800K, used 9023K [0x000000076bd00000, 0x0000000775100000, 0x00000007c0000000)
  eden space 130048K, 0% used [0x000000076bd00000,0x000000076bd00000,0x0000000773c00000)
  from space 10752K, 83% used [0x0000000774680000,0x0000000774f4ff80,0x0000000775100000)
  to   space 10752K, 0% used [0x0000000773c00000,0x0000000773c00000,0x0000000774680000)
 ParOldGen       total 173568K, used 4701K [0x00000006c3600000, 0x00000006cdf80000, 0x000000076bd00000)
  object space 173568K, 2% used [0x00000006c3600000,0x00000006c3a977d0,0x00000006cdf80000)
 Metaspace       used 20761K, capacity 21142K, committed 21296K, reserved 1069056K
  class space    used 2481K, capacity 2629K, committed 2688K, reserved 1048576K
Event: 1.223 GC heap after
Heap after GC invocations=3 (full 1):
 PSYoungGen      total 140800K, used 0K [0x000000076bd00000, 0x0000000775100000, 0x00000007c0000000)
  eden space 130048K, 0% used [0x000000076bd00000,0x000000076bd00000,0x0000000773c00000)
  from space 10752K, 0% used [0x0000000774680000,0x0000000774680000,0x0000000775100000)
  to   space 10752K, 0% used [0x0000000773c00000,0x0000000773c00000,0x0000000774680000)
 ParOldGen       total 114688K, used 8664K [0x00000006c3600000, 0x00000006ca600000, 0x000000076bd00000)
  object space 114688K, 7% used [0x00000006c3600000,0x00000006c3e763f0,0x00000006ca600000)
 Metaspace       used 20761K, capacity 21142K, committed 21296K, reserved 1069056K
  class space    used 2481K, capacity 2629K, committed 2688K, reserved 1048576K
}
Event: 2.195 GC heap before
{Heap before GC invocations=4 (full 1):
 PSYoungGen      total 140800K, used 91417K [0x000000076bd00000, 0x0000000775100000, 0x00000007c0000000)
  eden space 130048K, 70% used [0x000000076bd00000,0x00000007716467d8,0x0000000773c00000)
  from space 10752K, 0% used [0x0000000774680000,0x0000000774680000,0x0000000775100000)
  to   space 10752K, 0% used [0x0000000773c00000,0x0000000773c00000,0x0000000774680000)
 ParOldGen       total 114688K, used 8664K [0x00000006c3600000, 0x00000006ca600000, 0x000000076bd00000)
  object space 114688K, 7% used [0x00000006c3600000,0x00000006c3e763f0,0x00000006ca600000)
 Metaspace       used 34795K, capacity 35284K, committed 35456K, reserved 1079296K
  class space    used 4507K, capacity 4662K, committed 4736K, reserved 1048576K
Event: 2.208 GC heap after
Heap after GC invocations=4 (full 1):
 PSYoungGen      total 140800K, used 10738K [0x000000076bd00000, 0x0000000775100000, 0x00000007c0000000)
  eden space 130048K, 0% used [0x000000076bd00000,0x000000076bd00000,0x0000000773c00000)
  from space 10752K, 99% used [0x0000000773c00000,0x000000077467c830,0x0000000774680000)
  to   space 10752K, 0% used [0x0000000774680000,0x0000000774680000,0x0000000775100000)
 ParOldGen       total 114688K, used 20502K [0x00000006c3600000, 0x00000006ca600000, 0x000000076bd00000)
  object space 114688K, 17% used [0x00000006c3600000,0x00000006c4a05888,0x00000006ca600000)
 Metaspace       used 34795K, capacity 35284K, committed 35456K, reserved 1079296K
  class space    used 4507K, capacity 4662K, committed 4736K, reserved 1048576K
}
Event: 2.208 GC heap before
{Heap before GC invocations=5 (full 2):
 PSYoungGen      total 140800K, used 10738K [0x000000076bd00000, 0x0000000775100000, 0x00000007c0000000)
  eden space 130048K, 0% used [0x000000076bd00000,0x000000076bd00000,0x0000000773c00000)
  from space 10752K, 99% used [0x0000000773c00000,0x000000077467c830,0x0000000774680000)
  to   space 10752K, 0% used [0x0000000774680000,0x0000000774680000,0x0000000775100000)
 ParOldGen       total 114688K, used 20502K [0x00000006c3600000, 0x00000006ca600000, 0x000000076bd00000)
  object space 114688K, 17% used [0x00000006c3600000,0x00000006c4a05888,0x00000006ca600000)
 Metaspace       used 34795K, capacity 35284K, committed 35456K, reserved 1079296K
  class space    used 4507K, capacity 4662K, committed 4736K, reserved 1048576K
Event: 2.240 GC heap after
Heap after GC invocations=5 (full 2):
 PSYoungGen      total 140800K, used 0K [0x000000076bd00000, 0x0000000775100000, 0x00000007c0000000)
  eden space 130048K, 0% used [0x000000076bd00000,0x000000076bd00000,0x0000000773c00000)
  from space 10752K, 0% used [0x0000000773c00000,0x0000000773c00000,0x0000000774680000)
  to   space 10752K, 0% used [0x0000000774680000,0x0000000774680000,0x0000000775100000)
 ParOldGen       total 114688K, used 27404K [0x00000006c3600000, 0x00000006ca600000, 0x000000076bd00000)
  object space 114688K, 23% used [0x00000006c3600000,0x00000006c50c30c0,0x00000006ca600000)
 Metaspace       used 34795K, capacity 35284K, committed 35456K, reserved 1079296K
  class space    used 4507K, capacity 4662K, committed 4736K, reserved 1048576K
}
Event: 3.698 GC heap before
{Heap before GC invocations=6 (full 2):
 PSYoungGen      total 140800K, used 130048K [0x000000076bd00000, 0x0000000775100000, 0x00000007c0000000)
  eden space 130048K, 100% used [0x000000076bd00000,0x0000000773c00000,0x0000000773c00000)
  from space 10752K, 0% used [0x0000000773c00000,0x0000000773c00000,0x0000000774680000)
  to   space 10752K, 0% used [0x0000000774680000,0x0000000774680000,0x0000000775100000)
 ParOldGen       total 114688K, used 27404K [0x00000006c3600000, 0x00000006ca600000, 0x000000076bd00000)
  object space 114688K, 23% used [0x00000006c3600000,0x00000006c50c30c0,0x00000006ca600000)
 Metaspace       used 46741K, capacity 47580K, committed 47744K, reserved 1091584K
  class space    used 5942K, capacity 6199K, committed 6272K, reserved 1048576K
Event: 3.714 GC heap after
Heap after GC invocations=6 (full 2):
 PSYoungGen      total 140800K, used 10749K [0x000000076bd00000, 0x0000000775100000, 0x00000007c0000000)
  eden space 130048K, 0% used [0x000000076bd00000,0x000000076bd00000,0x0000000773c00000)
  from space 10752K, 99% used [0x0000000774680000,0x00000007750ff430,0x0000000775100000)
  to   space 10752K, 0% used [0x0000000773c00000,0x0000000773c00000,0x0000000774680000)
 ParOldGen       total 114688K, used 44768K [0x00000006c3600000, 0x00000006ca600000, 0x000000076bd00000)
  object space 114688K, 39% used [0x00000006c3600000,0x00000006c61b8258,0x00000006ca600000)
 Metaspace       used 46741K, capacity 47580K, committed 47744K, reserved 1091584K
  class space    used 5942K, capacity 6199K, committed 6272K, reserved 1048576K
}

