# JRE version: OpenJDK Runtime Environment (8.0_202-b03) (build 1.8.0_202-release-1483-b03)
# Java VM: OpenJDK 64-Bit Server VM (25.202-b03 mixed mode windows-amd64 compressed oops)
Heap:
 PSYoungGen      total 140800K, used 44226K [0x000000076bd00000, 0x0000000778b00000, 0x00000007c0000000)
  eden space 130048K, 34% used [0x000000076bd00000,0x000000076e830870,0x0000000773c00000)
  from space 10752K, 0% used [0x0000000773c00000,0x0000000773c00000,0x0000000774680000)
  to   space 10752K, 0% used [0x0000000778080000,0x0000000778080000,0x0000000778b00000)
 ParOldGen       total 200704K, used 27371K [0x00000006c3600000, 0x00000006cfa00000, 0x000000076bd00000)
  object space 200704K, 13% used [0x00000006c3600000,0x00000006c50bad58,0x00000006cfa00000)
 Metaspace       used 36999K, capacity 37570K, committed 37888K, reserved 1083392K
  class space    used 4721K, capacity 4860K, committed 4864K, reserved 1048576K
GC Heap History (10 events):
Event: 0.924 GC heap before
{Heap before GC invocations=1 (full 0):
 PSYoungGen      total 75776K, used 65024K [0x000000076bd00000, 0x0000000771180000, 0x00000007c0000000)
  eden space 65024K, 100% used [0x000000076bd00000,0x000000076fc80000,0x000000076fc80000)
  from space 10752K, 0% used [0x0000000770700000,0x0000000770700000,0x0000000771180000)
  to   space 10752K, 0% used [0x000000076fc80000,0x000000076fc80000,0x0000000770700000)
 ParOldGen       total 173568K, used 0K [0x00000006c3600000, 0x00000006cdf80000, 0x000000076bd00000)
  object space 173568K, 0% used [0x00000006c3600000,0x00000006c3600000,0x00000006cdf80000)
 Metaspace       used 15852K, capacity 16202K, committed 16384K, reserved 1062912K
  class space    used 1871K, capacity 1957K, committed 2048K, reserved 1048576K
Event: 0.936 GC heap after
Heap after GC invocations=1 (full 0):
 PSYoungGen      total 75776K, used 10726K [0x000000076bd00000, 0x0000000775100000, 0x00000007c0000000)
  eden space 65024K, 0% used [0x000000076bd00000,0x000000076bd00000,0x000000076fc80000)
  from space 10752K, 99% used [0x000000076fc80000,0x00000007706f9b28,0x0000000770700000)
  to   space 10752K, 0% used [0x0000000774680000,0x0000000774680000,0x0000000775100000)
 ParOldGen       total 173568K, used 4672K [0x00000006c3600000, 0x00000006cdf80000, 0x000000076bd00000)
  object space 173568K, 2% used [0x00000006c3600000,0x00000006c3a90188,0x00000006cdf80000)
 Metaspace       used 15852K, capacity 16202K, committed 16384K, reserved 1062912K
  class space    used 1871K, capacity 1957K, committed 2048K, reserved 1048576K
}
Event: 1.159 GC heap before
{Heap before GC invocations=2 (full 0):
 PSYoungGen      total 75776K, used 28108K [0x000000076bd00000, 0x0000000775100000, 0x00000007c0000000)
  eden space 65024K, 26% used [0x000000076bd00000,0x000000076cdf96e0,0x000000076fc80000)
  from space 10752K, 99% used [0x000000076fc80000,0x00000007706f9b28,0x0000000770700000)
  to   space 10752K, 0% used [0x0000000774680000,0x0000000774680000,0x0000000775100000)
 ParOldGen       total 173568K, used 4672K [0x00000006c3600000, 0x00000006cdf80000, 0x000000076bd00000)
  object space 173568K, 2% used [0x00000006c3600000,0x00000006c3a90188,0x00000006cdf80000)
 Metaspace       used 20773K, capacity 21146K, committed 21296K, reserved 1069056K
  class space    used 2476K, capacity 2629K, committed 2688K, reserved 1048576K
Event: 1.166 GC heap after
Heap after GC invocations=2 (full 0):
 PSYoungGen      total 140800K, used 8876K [0x000000076bd00000, 0x0000000775100000, 0x00000007c0000000)
  eden space 130048K, 0% used [0x000000076bd00000,0x000000076bd00000,0x0000000773c00000)
  from space 10752K, 82% used [0x0000000774680000,0x0000000774f2b120,0x0000000775100000)
  to   space 10752K, 0% used [0x0000000773c00000,0x0000000773c00000,0x0000000774680000)
 ParOldGen       total 173568K, used 4744K [0x00000006c3600000, 0x00000006cdf80000, 0x000000076bd00000)
  object space 173568K, 2% used [0x00000006c3600000,0x00000006c3aa2198,0x00000006cdf80000)
 Metaspace       used 20773K, capacity 21146K, committed 21296K, reserved 1069056K
  class space    used 2476K, capacity 2629K, committed 2688K, reserved 1048576K
}
Event: 1.166 GC heap before
{Heap before GC invocations=3 (full 1):
 PSYoungGen      total 140800K, used 8876K [0x000000076bd00000, 0x0000000775100000, 0x00000007c0000000)
  eden space 130048K, 0% used [0x000000076bd00000,0x000000076bd00000,0x0000000773c00000)
  from space 10752K, 82% used [0x0000000774680000,0x0000000774f2b120,0x0000000775100000)
  to   space 10752K, 0% used [0x0000000773c00000,0x0000000773c00000,0x0000000774680000)
 ParOldGen       total 173568K, used 4744K [0x00000006c3600000, 0x00000006cdf80000, 0x000000076bd00000)
  object space 173568K, 2% used [0x00000006c3600000,0x00000006c3aa2198,0x00000006cdf80000)
 Metaspace       used 20773K, capacity 21146K, committed 21296K, reserved 1069056K
  class space    used 2476K, capacity 2629K, committed 2688K, reserved 1048576K
Event: 1.189 GC heap after
Heap after GC invocations=3 (full 1):
 PSYoungGen      total 140800K, used 0K [0x000000076bd00000, 0x0000000775100000, 0x00000007c0000000)
  eden space 130048K, 0% used [0x000000076bd00000,0x000000076bd00000,0x0000000773c00000)
  from space 10752K, 0% used [0x0000000774680000,0x0000000774680000,0x0000000775100000)
  to   space 10752K, 0% used [0x0000000773c00000,0x0000000773c00000,0x0000000774680000)
 ParOldGen       total 113152K, used 8647K [0x00000006c3600000, 0x00000006ca480000, 0x000000076bd00000)
  object space 113152K, 7% used [0x00000006c3600000,0x00000006c3e71c38,0x00000006ca480000)
 Metaspace       used 20773K, capacity 21146K, committed 21296K, reserved 1069056K
  class space    used 2476K, capacity 2629K, committed 2688K, reserved 1048576K
}
Event: 2.278 GC heap before
{Heap before GC invocations=4 (full 1):
 PSYoungGen      total 140800K, used 91409K [0x000000076bd00000, 0x0000000775100000, 0x00000007c0000000)
  eden space 130048K, 70% used [0x000000076bd00000,0x0000000771644718,0x0000000773c00000)
  from space 10752K, 0% used [0x0000000774680000,0x0000000774680000,0x0000000775100000)
  to   space 10752K, 0% used [0x0000000773c00000,0x0000000773c00000,0x0000000774680000)
 ParOldGen       total 113152K, used 8647K [0x00000006c3600000, 0x00000006ca480000, 0x000000076bd00000)
  object space 113152K, 7% used [0x00000006c3600000,0x00000006c3e71c38,0x00000006ca480000)
 Metaspace       used 34802K, capacity 35284K, committed 35456K, reserved 1079296K
  class space    used 4504K, capacity 4662K, committed 4736K, reserved 1048576K
Event: 2.291 GC heap after
Heap after GC invocations=4 (full 1):
 PSYoungGen      total 140800K, used 10742K [0x000000076bd00000, 0x0000000778b00000, 0x00000007c0000000)
  eden space 130048K, 0% used [0x000000076bd00000,0x000000076bd00000,0x0000000773c00000)
  from space 10752K, 99% used [0x0000000773c00000,0x000000077467d870,0x0000000774680000)
  to   space 10752K, 0% used [0x0000000778080000,0x0000000778080000,0x0000000778b00000)
 ParOldGen       total 113152K, used 20510K [0x00000006c3600000, 0x00000006ca480000, 0x000000076bd00000)
  object space 113152K, 18% used [0x00000006c3600000,0x00000006c4a078c8,0x00000006ca480000)
 Metaspace       used 34802K, capacity 35284K, committed 35456K, reserved 1079296K
  class space    used 4504K, capacity 4662K, committed 4736K, reserved 1048576K
}
Event: 2.291 GC heap before
{Heap before GC invocations=5 (full 2):
 PSYoungGen      total 140800K, used 10742K [0x000000076bd00000, 0x0000000778b00000, 0x00000007c0000000)
  eden space 130048K, 0% used [0x000000076bd00000,0x000000076bd00000,0x0000000773c00000)
  from space 10752K, 99% used [0x0000000773c00000,0x000000077467d870,0x0000000774680000)
  to   space 10752K, 0% used [0x0000000778080000,0x0000000778080000,0x0000000778b00000)
 ParOldGen       total 113152K, used 20510K [0x00000006c3600000, 0x00000006ca480000, 0x000000076bd00000)
  object space 113152K, 18% used [0x00000006c3600000,0x00000006c4a078c8,0x00000006ca480000)
 Metaspace       used 34802K, capacity 35284K, committed 35456K, reserved 1079296K
  class space    used 4504K, capacity 4662K, committed 4736K, reserved 1048576K
Event: 2.327 GC heap after
Heap after GC invocations=5 (full 2):
 PSYoungGen      total 140800K, used 0K [0x000000076bd00000, 0x0000000778b00000, 0x00000007c0000000)
  eden space 130048K, 0% used [0x000000076bd00000,0x000000076bd00000,0x0000000773c00000)
  from space 10752K, 0% used [0x0000000773c00000,0x0000000773c00000,0x0000000774680000)
  to   space 10752K, 0% used [0x0000000778080000,0x0000000778080000,0x0000000778b00000)
 ParOldGen       total 200704K, used 27371K [0x00000006c3600000, 0x00000006cfa00000, 0x000000076bd00000)
  object space 200704K, 13% used [0x00000006c3600000,0x00000006c50bad58,0x00000006cfa00000)
 Metaspace       used 34802K, capacity 35284K, committed 35456K, reserved 1079296K
  class space    used 4504K, capacity 4662K, committed 4736K, reserved 1048576K
}

