# JRE version: OpenJDK Runtime Environment (8.0_202-b03) (build 1.8.0_202-release-1483-b03)
# Java VM: OpenJDK 64-Bit Server VM (25.202-b03 mixed mode windows-amd64 compressed oops)
Heap:
 PSYoungGen      total 185344K, used 65034K [0x00000000e0000000, 0x00000000eef00000, 0x0000000100000000)
  eden space 155648K, 22% used [0x00000000e0000000,0x00000000e22869d0,0x00000000e9800000)
  from space 29696K, 99% used [0x00000000e9800000,0x00000000eb4fc180,0x00000000eb500000)
  to   space 34816K, 0% used [0x00000000ecd00000,0x00000000ecd00000,0x00000000eef00000)
 ParOldGen       total 282624K, used 51546K [0x00000000a0000000, 0x00000000b1400000, 0x00000000e0000000)
  object space 282624K, 18% used [0x00000000a0000000,0x00000000a32569d8,0x00000000b1400000)
 Metaspace       used 74564K, capacity 77762K, committed 77952K, reserved 1116160K
  class space    used 9863K, capacity 10542K, committed 10624K, reserved 1048576K
GC Heap History (10 events):
Event: 5.807 GC heap before
{Heap before GC invocations=12 (full 3):
 PSYoungGen      total 140800K, used 17387K [0x00000000e0000000, 0x00000000ebb80000, 0x0000000100000000)
  eden space 123392K, 0% used [0x00000000e0000000,0x00000000e0000000,0x00000000e7880000)
  from space 17408K, 99% used [0x00000000e7880000,0x00000000e897ad28,0x00000000e8980000)
  to   space 20992K, 0% used [0x00000000ea700000,0x00000000ea700000,0x00000000ebb80000)
 ParOldGen       total 187392K, used 25041K [0x00000000a0000000, 0x00000000ab700000, 0x00000000e0000000)
  object space 187392K, 13% used [0x00000000a0000000,0x00000000a1874610,0x00000000ab700000)
 Metaspace       used 57382K, capacity 59048K, committed 59096K, reserved 1099776K
  class space    used 7742K, capacity 8144K, committed 8192K, reserved 1048576K
Event: 5.994 GC heap after
Heap after GC invocations=12 (full 3):
 PSYoungGen      total 140800K, used 0K [0x00000000e0000000, 0x00000000ebb80000, 0x0000000100000000)
  eden space 123392K, 0% used [0x00000000e0000000,0x00000000e0000000,0x00000000e7880000)
  from space 17408K, 0% used [0x00000000e7880000,0x00000000e7880000,0x00000000e8980000)
  to   space 20992K, 0% used [0x00000000ea700000,0x00000000ea700000,0x00000000ebb80000)
 ParOldGen       total 282624K, used 36313K [0x00000000a0000000, 0x00000000b1400000, 0x00000000e0000000)
  object space 282624K, 12% used [0x00000000a0000000,0x00000000a2376550,0x00000000b1400000)
 Metaspace       used 57348K, capacity 58934K, committed 59096K, reserved 1099776K
  class space    used 7732K, capacity 8125K, committed 8192K, reserved 1048576K
}
Event: 6.704 GC heap before
{Heap before GC invocations=13 (full 3):
 PSYoungGen      total 140800K, used 123392K [0x00000000e0000000, 0x00000000ebb80000, 0x0000000100000000)
  eden space 123392K, 100% used [0x00000000e0000000,0x00000000e7880000,0x00000000e7880000)
  from space 17408K, 0% used [0x00000000e7880000,0x00000000e7880000,0x00000000e8980000)
  to   space 20992K, 0% used [0x00000000ea700000,0x00000000ea700000,0x00000000ebb80000)
 ParOldGen       total 282624K, used 36313K [0x00000000a0000000, 0x00000000b1400000, 0x00000000e0000000)
  object space 282624K, 12% used [0x00000000a0000000,0x00000000a2376550,0x00000000b1400000)
 Metaspace       used 60197K, capacity 62122K, committed 62208K, reserved 1103872K
  class space    used 8178K, capacity 8643K, committed 8704K, reserved 1048576K
Event: 6.711 GC heap after
Heap after GC invocations=13 (full 3):
 PSYoungGen      total 153600K, used 11905K [0x00000000e0000000, 0x00000000eb300000, 0x0000000100000000)
  eden space 141312K, 0% used [0x00000000e0000000,0x00000000e0000000,0x00000000e8a00000)
  from space 12288K, 96% used [0x00000000ea700000,0x00000000eb2a0540,0x00000000eb300000)
  to   space 20480K, 0% used [0x00000000e8b00000,0x00000000e8b00000,0x00000000e9f00000)
 ParOldGen       total 282624K, used 36321K [0x00000000a0000000, 0x00000000b1400000, 0x00000000e0000000)
  object space 282624K, 12% used [0x00000000a0000000,0x00000000a2378550,0x00000000b1400000)
 Metaspace       used 60197K, capacity 62122K, committed 62208K, reserved 1103872K
  class space    used 8178K, capacity 8643K, committed 8704K, reserved 1048576K
}
Event: 7.660 GC heap before
{Heap before GC invocations=14 (full 3):
 PSYoungGen      total 153600K, used 153217K [0x00000000e0000000, 0x00000000eb300000, 0x0000000100000000)
  eden space 141312K, 100% used [0x00000000e0000000,0x00000000e8a00000,0x00000000e8a00000)
  from space 12288K, 96% used [0x00000000ea700000,0x00000000eb2a0540,0x00000000eb300000)
  to   space 20480K, 0% used [0x00000000e8b00000,0x00000000e8b00000,0x00000000e9f00000)
 ParOldGen       total 282624K, used 36321K [0x00000000a0000000, 0x00000000b1400000, 0x00000000e0000000)
  object space 282624K, 12% used [0x00000000a0000000,0x00000000a2378550,0x00000000b1400000)
 Metaspace       used 63443K, capacity 65532K, committed 65664K, reserved 1105920K
  class space    used 8605K, capacity 9084K, committed 9088K, reserved 1048576K
Event: 7.675 GC heap after
Heap after GC invocations=14 (full 3):
 PSYoungGen      total 162816K, used 20448K [0x00000000e0000000, 0x00000000ecc00000, 0x0000000100000000)
  eden space 142336K, 0% used [0x00000000e0000000,0x00000000e0000000,0x00000000e8b00000)
  from space 20480K, 99% used [0x00000000e8b00000,0x00000000e9ef8030,0x00000000e9f00000)
  to   space 23552K, 0% used [0x00000000eb500000,0x00000000eb500000,0x00000000ecc00000)
 ParOldGen       total 282624K, used 38950K [0x00000000a0000000, 0x00000000b1400000, 0x00000000e0000000)
  object space 282624K, 13% used [0x00000000a0000000,0x00000000a2609ab8,0x00000000b1400000)
 Metaspace       used 63443K, capacity 65532K, committed 65664K, reserved 1105920K
  class space    used 8605K, capacity 9084K, committed 9088K, reserved 1048576K
}
Event: 8.867 GC heap before
{Heap before GC invocations=15 (full 3):
 PSYoungGen      total 162816K, used 162784K [0x00000000e0000000, 0x00000000ecc00000, 0x0000000100000000)
  eden space 142336K, 100% used [0x00000000e0000000,0x00000000e8b00000,0x00000000e8b00000)
  from space 20480K, 99% used [0x00000000e8b00000,0x00000000e9ef8030,0x00000000e9f00000)
  to   space 23552K, 0% used [0x00000000eb500000,0x00000000eb500000,0x00000000ecc00000)
 ParOldGen       total 282624K, used 38950K [0x00000000a0000000, 0x00000000b1400000, 0x00000000e0000000)
  object space 282624K, 13% used [0x00000000a0000000,0x00000000a2609ab8,0x00000000b1400000)
 Metaspace       used 69135K, capacity 71708K, committed 71936K, reserved 1112064K
  class space    used 9378K, capacity 9903K, committed 9984K, reserved 1048576K
Event: 8.885 GC heap after
Heap after GC invocations=15 (full 3):
 PSYoungGen      total 179200K, used 23541K [0x00000000e0000000, 0x00000000ed980000, 0x0000000100000000)
  eden space 155648K, 0% used [0x00000000e0000000,0x00000000e0000000,0x00000000e9800000)
  from space 23552K, 99% used [0x00000000eb500000,0x00000000ecbfd4e0,0x00000000ecc00000)
  to   space 29696K, 0% used [0x00000000e9800000,0x00000000e9800000,0x00000000eb500000)
 ParOldGen       total 282624K, used 47509K [0x00000000a0000000, 0x00000000b1400000, 0x00000000e0000000)
  object space 282624K, 16% used [0x00000000a0000000,0x00000000a2e65528,0x00000000b1400000)
 Metaspace       used 69135K, capacity 71708K, committed 71936K, reserved 1112064K
  class space    used 9378K, capacity 9903K, committed 9984K, reserved 1048576K
}
Event: 14.213 GC heap before
{Heap before GC invocations=16 (full 3):
 PSYoungGen      total 179200K, used 179189K [0x00000000e0000000, 0x00000000ed980000, 0x0000000100000000)
  eden space 155648K, 100% used [0x00000000e0000000,0x00000000e9800000,0x00000000e9800000)
  from space 23552K, 99% used [0x00000000eb500000,0x00000000ecbfd4e0,0x00000000ecc00000)
  to   space 29696K, 0% used [0x00000000e9800000,0x00000000e9800000,0x00000000eb500000)
 ParOldGen       total 282624K, used 47509K [0x00000000a0000000, 0x00000000b1400000, 0x00000000e0000000)
  object space 282624K, 16% used [0x00000000a0000000,0x00000000a2e65528,0x00000000b1400000)
 Metaspace       used 74420K, capacity 77578K, committed 77696K, reserved 1116160K
  class space    used 9858K, capacity 10506K, committed 10624K, reserved 1048576K
Event: 14.231 GC heap after
Heap after GC invocations=16 (full 3):
 PSYoungGen      total 185344K, used 29680K [0x00000000e0000000, 0x00000000eef00000, 0x0000000100000000)
  eden space 155648K, 0% used [0x00000000e0000000,0x00000000e0000000,0x00000000e9800000)
  from space 29696K, 99% used [0x00000000e9800000,0x00000000eb4fc180,0x00000000eb500000)
  to   space 34816K, 0% used [0x00000000ecd00000,0x00000000ecd00000,0x00000000eef00000)
 ParOldGen       total 282624K, used 51546K [0x00000000a0000000, 0x00000000b1400000, 0x00000000e0000000)
  object space 282624K, 18% used [0x00000000a0000000,0x00000000a32569d8,0x00000000b1400000)
 Metaspace       used 74420K, capacity 77578K, committed 77696K, reserved 1116160K
  class space    used 9858K, capacity 10506K, committed 10624K, reserved 1048576K
}

