# JRE version: OpenJDK Runtime Environment (8.0_202-b03) (build 1.8.0_202-release-1483-b03)
# Java VM: OpenJDK 64-Bit Server VM (25.202-b03 mixed mode windows-amd64 compressed oops)
Heap:
 PSYoungGen      total 354816K, used 234141K [0x00000000e0000000, 0x00000000fdf00000, 0x0000000100000000)
  eden space 299008K, 61% used [0x00000000e0000000,0x00000000eb2a46a0,0x00000000f2400000)
  from space 55808K, 91% used [0x00000000fa880000,0x00000000fda82f30,0x00000000fdf00000)
  to   space 50176K, 0% used [0x00000000f2400000,0x00000000f2400000,0x00000000f5500000)
 ParOldGen       total 273408K, used 68846K [0x00000000a0000000, 0x00000000b0b00000, 0x00000000e0000000)
  object space 273408K, 25% used [0x00000000a0000000,0x00000000a433b950,0x00000000b0b00000)
 Metaspace       used 73381K, capacity 77062K, committed 77312K, reserved 1116160K
  class space    used 9960K, capacity 10630K, committed 10752K, reserved 1048576K
GC Heap History (10 events):
Event: 9.676 GC heap before
{Heap before GC invocations=15 (full 3):
 PSYoungGen      total 248320K, used 238315K [0x00000000e0000000, 0x00000000f4200000, 0x0000000100000000)
  eden space 210432K, 100% used [0x00000000e0000000,0x00000000ecd80000,0x00000000ecd80000)
  from space 37888K, 73% used [0x00000000ecd80000,0x00000000ee8bac88,0x00000000ef280000)
  to   space 39936K, 0% used [0x00000000f1b00000,0x00000000f1b00000,0x00000000f4200000)
 ParOldGen       total 273408K, used 68806K [0x00000000a0000000, 0x00000000b0b00000, 0x00000000e0000000)
  object space 273408K, 25% used [0x00000000a0000000,0x00000000a4331950,0x00000000b0b00000)
 Metaspace       used 73014K, capacity 76660K, committed 76672K, reserved 1116160K
  class space    used 9940K, capacity 10619K, committed 10624K, reserved 1048576K
Event: 9.700 GC heap after
Heap after GC invocations=15 (full 3):
 PSYoungGen      total 287232K, used 31063K [0x00000000e0000000, 0x00000000f4a80000, 0x0000000100000000)
  eden space 247296K, 0% used [0x00000000e0000000,0x00000000e0000000,0x00000000ef180000)
  from space 39936K, 77% used [0x00000000f1b00000,0x00000000f3955dc8,0x00000000f4200000)
  to   space 42496K, 0% used [0x00000000ef180000,0x00000000ef180000,0x00000000f1b00000)
 ParOldGen       total 273408K, used 68814K [0x00000000a0000000, 0x00000000b0b00000, 0x00000000e0000000)
  object space 273408K, 25% used [0x00000000a0000000,0x00000000a4333950,0x00000000b0b00000)
 Metaspace       used 73014K, capacity 76660K, committed 76672K, reserved 1116160K
  class space    used 9940K, capacity 10619K, committed 10624K, reserved 1048576K
}
Event: 10.157 GC heap before
{Heap before GC invocations=16 (full 3):
 PSYoungGen      total 287232K, used 278359K [0x00000000e0000000, 0x00000000f4a80000, 0x0000000100000000)
  eden space 247296K, 100% used [0x00000000e0000000,0x00000000ef180000,0x00000000ef180000)
  from space 39936K, 77% used [0x00000000f1b00000,0x00000000f3955dc8,0x00000000f4200000)
  to   space 42496K, 0% used [0x00000000ef180000,0x00000000ef180000,0x00000000f1b00000)
 ParOldGen       total 273408K, used 68814K [0x00000000a0000000, 0x00000000b0b00000, 0x00000000e0000000)
  object space 273408K, 25% used [0x00000000a0000000,0x00000000a4333950,0x00000000b0b00000)
 Metaspace       used 73145K, capacity 76826K, committed 76928K, reserved 1116160K
  class space    used 9943K, capacity 10624K, committed 10624K, reserved 1048576K
Event: 10.178 GC heap after
Heap after GC invocations=16 (full 3):
 PSYoungGen      total 289792K, used 34341K [0x00000000e0000000, 0x00000000f8180000, 0x0000000100000000)
  eden space 247296K, 0% used [0x00000000e0000000,0x00000000e0000000,0x00000000ef180000)
  from space 42496K, 80% used [0x00000000ef180000,0x00000000f1309590,0x00000000f1b00000)
  to   space 45568K, 0% used [0x00000000f5500000,0x00000000f5500000,0x00000000f8180000)
 ParOldGen       total 273408K, used 68822K [0x00000000a0000000, 0x00000000b0b00000, 0x00000000e0000000)
  object space 273408K, 25% used [0x00000000a0000000,0x00000000a4335950,0x00000000b0b00000)
 Metaspace       used 73145K, capacity 76826K, committed 76928K, reserved 1116160K
  class space    used 9943K, capacity 10624K, committed 10624K, reserved 1048576K
}
Event: 10.710 GC heap before
{Heap before GC invocations=17 (full 3):
 PSYoungGen      total 289792K, used 281637K [0x00000000e0000000, 0x00000000f8180000, 0x0000000100000000)
  eden space 247296K, 100% used [0x00000000e0000000,0x00000000ef180000,0x00000000ef180000)
  from space 42496K, 80% used [0x00000000ef180000,0x00000000f1309590,0x00000000f1b00000)
  to   space 45568K, 0% used [0x00000000f5500000,0x00000000f5500000,0x00000000f8180000)
 ParOldGen       total 273408K, used 68822K [0x00000000a0000000, 0x00000000b0b00000, 0x00000000e0000000)
  object space 273408K, 25% used [0x00000000a0000000,0x00000000a4335950,0x00000000b0b00000)
 Metaspace       used 73188K, capacity 76908K, committed 77056K, reserved 1116160K
  class space    used 9946K, capacity 10627K, committed 10752K, reserved 1048576K
Event: 10.747 GC heap after
Heap after GC invocations=17 (full 3):
 PSYoungGen      total 344576K, used 39435K [0x00000000e0000000, 0x00000000f9380000, 0x0000000100000000)
  eden space 299008K, 0% used [0x00000000e0000000,0x00000000e0000000,0x00000000f2400000)
  from space 45568K, 86% used [0x00000000f5500000,0x00000000f7b82e20,0x00000000f8180000)
  to   space 50176K, 0% used [0x00000000f2400000,0x00000000f2400000,0x00000000f5500000)
 ParOldGen       total 273408K, used 68830K [0x00000000a0000000, 0x00000000b0b00000, 0x00000000e0000000)
  object space 273408K, 25% used [0x00000000a0000000,0x00000000a4337950,0x00000000b0b00000)
 Metaspace       used 73188K, capacity 76908K, committed 77056K, reserved 1116160K
  class space    used 9946K, capacity 10627K, committed 10752K, reserved 1048576K
}
Event: 11.418 GC heap before
{Heap before GC invocations=18 (full 3):
 PSYoungGen      total 344576K, used 338443K [0x00000000e0000000, 0x00000000f9380000, 0x0000000100000000)
  eden space 299008K, 100% used [0x00000000e0000000,0x00000000f2400000,0x00000000f2400000)
  from space 45568K, 86% used [0x00000000f5500000,0x00000000f7b82e20,0x00000000f8180000)
  to   space 50176K, 0% used [0x00000000f2400000,0x00000000f2400000,0x00000000f5500000)
 ParOldGen       total 273408K, used 68830K [0x00000000a0000000, 0x00000000b0b00000, 0x00000000e0000000)
  object space 273408K, 25% used [0x00000000a0000000,0x00000000a4337950,0x00000000b0b00000)
 Metaspace       used 73238K, capacity 76908K, committed 77056K, reserved 1116160K
  class space    used 9946K, capacity 10627K, committed 10752K, reserved 1048576K
Event: 11.446 GC heap after
Heap after GC invocations=18 (full 3):
 PSYoungGen      total 349184K, used 45615K [0x00000000e0000000, 0x00000000fdf00000, 0x0000000100000000)
  eden space 299008K, 0% used [0x00000000e0000000,0x00000000e0000000,0x00000000f2400000)
  from space 50176K, 90% used [0x00000000f2400000,0x00000000f508be40,0x00000000f5500000)
  to   space 55808K, 0% used [0x00000000fa880000,0x00000000fa880000,0x00000000fdf00000)
 ParOldGen       total 273408K, used 68838K [0x00000000a0000000, 0x00000000b0b00000, 0x00000000e0000000)
  object space 273408K, 25% used [0x00000000a0000000,0x00000000a4339950,0x00000000b0b00000)
 Metaspace       used 73238K, capacity 76908K, committed 77056K, reserved 1116160K
  class space    used 9946K, capacity 10627K, committed 10752K, reserved 1048576K
}
Event: 11.823 GC heap before
{Heap before GC invocations=19 (full 3):
 PSYoungGen      total 349184K, used 344623K [0x00000000e0000000, 0x00000000fdf00000, 0x0000000100000000)
  eden space 299008K, 100% used [0x00000000e0000000,0x00000000f2400000,0x00000000f2400000)
  from space 50176K, 90% used [0x00000000f2400000,0x00000000f508be40,0x00000000f5500000)
  to   space 55808K, 0% used [0x00000000fa880000,0x00000000fa880000,0x00000000fdf00000)
 ParOldGen       total 273408K, used 68838K [0x00000000a0000000, 0x00000000b0b00000, 0x00000000e0000000)
  object space 273408K, 25% used [0x00000000a0000000,0x00000000a4339950,0x00000000b0b00000)
 Metaspace       used 73301K, capacity 76974K, committed 77312K, reserved 1116160K
  class space    used 9953K, capacity 10628K, committed 10752K, reserved 1048576K
Event: 11.860 GC heap after
Heap after GC invocations=19 (full 3):
 PSYoungGen      total 354816K, used 51211K [0x00000000e0000000, 0x00000000fdf00000, 0x0000000100000000)
  eden space 299008K, 0% used [0x00000000e0000000,0x00000000e0000000,0x00000000f2400000)
  from space 55808K, 91% used [0x00000000fa880000,0x00000000fda82f30,0x00000000fdf00000)
  to   space 50176K, 0% used [0x00000000f2400000,0x00000000f2400000,0x00000000f5500000)
 ParOldGen       total 273408K, used 68846K [0x00000000a0000000, 0x00000000b0b00000, 0x00000000e0000000)
  object space 273408K, 25% used [0x00000000a0000000,0x00000000a433b950,0x00000000b0b00000)
 Metaspace       used 73301K, capacity 76974K, committed 77312K, reserved 1116160K
  class space    used 9953K, capacity 10628K, committed 10752K, reserved 1048576K
}

