# JRE version: OpenJDK Runtime Environment (8.0_202-b03) (build 1.8.0_202-release-1483-b03)
# Java VM: OpenJDK 64-Bit Server VM (25.202-b03 mixed mode windows-amd64 compressed oops)
Heap:
 PSYoungGen      total 442880K, used 126925K [0x00000000e0000000, 0x00000000fe080000, 0x0000000100000000)
  eden space 402944K, 23% used [0x00000000e0000000,0x00000000e5b659e0,0x00000000f8980000)
  from space 39936K, 83% used [0x00000000fb380000,0x00000000fd40dca0,0x00000000fda80000)
  to   space 43008K, 0% used [0x00000000f8980000,0x00000000f8980000,0x00000000fb380000)
 ParOldGen       total 275968K, used 68278K [0x00000000a0000000, 0x00000000b0d80000, 0x00000000e0000000)
  object space 275968K, 24% used [0x00000000a0000000,0x00000000a42ad960,0x00000000b0d80000)
 Metaspace       used 83933K, capacity 88090K, committed 88280K, reserved 1126400K
  class space    used 11249K, capacity 11982K, committed 12032K, reserved 1048576K
GC Heap History (10 events):
Event: 16.091 GC heap before
{Heap before GC invocations=23 (full 3):
 PSYoungGen      total 273920K, used 267850K [0x00000000e0000000, 0x00000000f4e00000, 0x0000000100000000)
  eden space 248832K, 100% used [0x00000000e0000000,0x00000000ef300000,0x00000000ef300000)
  from space 25088K, 75% used [0x00000000ef300000,0x00000000f0592b90,0x00000000f0b80000)
  to   space 25600K, 0% used [0x00000000f3500000,0x00000000f3500000,0x00000000f4e00000)
 ParOldGen       total 275968K, used 49292K [0x00000000a0000000, 0x00000000b0d80000, 0x00000000e0000000)
  object space 275968K, 17% used [0x00000000a0000000,0x00000000a3023190,0x00000000b0d80000)
 Metaspace       used 83415K, capacity 87456K, committed 87768K, reserved 1124352K
  class space    used 11209K, capacity 11921K, committed 12032K, reserved 1048576K
Event: 16.119 GC heap after
Heap after GC invocations=23 (full 3):
 PSYoungGen      total 310784K, used 25580K [0x00000000e0000000, 0x00000000f6100000, 0x0000000100000000)
  eden space 285184K, 0% used [0x00000000e0000000,0x00000000e0000000,0x00000000f1680000)
  from space 25600K, 99% used [0x00000000f3500000,0x00000000f4dfb018,0x00000000f4e00000)
  to   space 31232K, 0% used [0x00000000f1680000,0x00000000f1680000,0x00000000f3500000)
 ParOldGen       total 275968K, used 56784K [0x00000000a0000000, 0x00000000b0d80000, 0x00000000e0000000)
  object space 275968K, 20% used [0x00000000a0000000,0x00000000a37740c0,0x00000000b0d80000)
 Metaspace       used 83415K, capacity 87456K, committed 87768K, reserved 1124352K
  class space    used 11209K, capacity 11921K, committed 12032K, reserved 1048576K
}
Event: 16.572 GC heap before
{Heap before GC invocations=24 (full 3):
 PSYoungGen      total 310784K, used 310764K [0x00000000e0000000, 0x00000000f6100000, 0x0000000100000000)
  eden space 285184K, 100% used [0x00000000e0000000,0x00000000f1680000,0x00000000f1680000)
  from space 25600K, 99% used [0x00000000f3500000,0x00000000f4dfb018,0x00000000f4e00000)
  to   space 31232K, 0% used [0x00000000f1680000,0x00000000f1680000,0x00000000f3500000)
 ParOldGen       total 275968K, used 56784K [0x00000000a0000000, 0x00000000b0d80000, 0x00000000e0000000)
  object space 275968K, 20% used [0x00000000a0000000,0x00000000a37740c0,0x00000000b0d80000)
 Metaspace       used 83512K, capacity 87592K, committed 87768K, reserved 1124352K
  class space    used 11210K, capacity 11921K, committed 12032K, reserved 1048576K
Event: 16.593 GC heap after
Heap after GC invocations=24 (full 3):
 PSYoungGen      total 316416K, used 24900K [0x00000000e0000000, 0x00000000f8e00000, 0x0000000100000000)
  eden space 285184K, 0% used [0x00000000e0000000,0x00000000e0000000,0x00000000f1680000)
  from space 31232K, 79% used [0x00000000f1680000,0x00000000f2ed1070,0x00000000f3500000)
  to   space 32768K, 0% used [0x00000000f6e00000,0x00000000f6e00000,0x00000000f8e00000)
 ParOldGen       total 275968K, used 62123K [0x00000000a0000000, 0x00000000b0d80000, 0x00000000e0000000)
  object space 275968K, 22% used [0x00000000a0000000,0x00000000a3caaff0,0x00000000b0d80000)
 Metaspace       used 83512K, capacity 87592K, committed 87768K, reserved 1124352K
  class space    used 11210K, capacity 11921K, committed 12032K, reserved 1048576K
}
Event: 17.031 GC heap before
{Heap before GC invocations=25 (full 3):
 PSYoungGen      total 316416K, used 310084K [0x00000000e0000000, 0x00000000f8e00000, 0x0000000100000000)
  eden space 285184K, 100% used [0x00000000e0000000,0x00000000f1680000,0x00000000f1680000)
  from space 31232K, 79% used [0x00000000f1680000,0x00000000f2ed1070,0x00000000f3500000)
  to   space 32768K, 0% used [0x00000000f6e00000,0x00000000f6e00000,0x00000000f8e00000)
 ParOldGen       total 275968K, used 62123K [0x00000000a0000000, 0x00000000b0d80000, 0x00000000e0000000)
  object space 275968K, 22% used [0x00000000a0000000,0x00000000a3caaff0,0x00000000b0d80000)
 Metaspace       used 83791K, capacity 87926K, committed 88024K, reserved 1126400K
  class space    used 11245K, capacity 11976K, committed 12032K, reserved 1048576K
Event: 17.052 GC heap after
Heap after GC invocations=25 (full 3):
 PSYoungGen      total 369664K, used 32767K [0x00000000e0000000, 0x00000000f9800000, 0x0000000100000000)
  eden space 336896K, 0% used [0x00000000e0000000,0x00000000e0000000,0x00000000f4900000)
  from space 32768K, 99% used [0x00000000f6e00000,0x00000000f8dfff80,0x00000000f8e00000)
  to   space 37888K, 0% used [0x00000000f4900000,0x00000000f4900000,0x00000000f6e00000)
 ParOldGen       total 275968K, used 63535K [0x00000000a0000000, 0x00000000b0d80000, 0x00000000e0000000)
  object space 275968K, 23% used [0x00000000a0000000,0x00000000a3e0bef8,0x00000000b0d80000)
 Metaspace       used 83791K, capacity 87926K, committed 88024K, reserved 1126400K
  class space    used 11245K, capacity 11976K, committed 12032K, reserved 1048576K
}
Event: 17.579 GC heap before
{Heap before GC invocations=26 (full 3):
 PSYoungGen      total 369664K, used 369663K [0x00000000e0000000, 0x00000000f9800000, 0x0000000100000000)
  eden space 336896K, 100% used [0x00000000e0000000,0x00000000f4900000,0x00000000f4900000)
  from space 32768K, 99% used [0x00000000f6e00000,0x00000000f8dfff80,0x00000000f8e00000)
  to   space 37888K, 0% used [0x00000000f4900000,0x00000000f4900000,0x00000000f6e00000)
 ParOldGen       total 275968K, used 63535K [0x00000000a0000000, 0x00000000b0d80000, 0x00000000e0000000)
  object space 275968K, 23% used [0x00000000a0000000,0x00000000a3e0bef8,0x00000000b0d80000)
 Metaspace       used 83907K, capacity 88008K, committed 88280K, reserved 1126400K
  class space    used 11247K, capacity 11979K, committed 12032K, reserved 1048576K
Event: 17.608 GC heap after
Heap after GC invocations=26 (full 3):
 PSYoungGen      total 374784K, used 30003K [0x00000000e0000000, 0x00000000fda80000, 0x0000000100000000)
  eden space 336896K, 0% used [0x00000000e0000000,0x00000000e0000000,0x00000000f4900000)
  from space 37888K, 79% used [0x00000000f4900000,0x00000000f664cfb0,0x00000000f6e00000)
  to   space 39936K, 0% used [0x00000000fb380000,0x00000000fb380000,0x00000000fda80000)
 ParOldGen       total 275968K, used 68026K [0x00000000a0000000, 0x00000000b0d80000, 0x00000000e0000000)
  object space 275968K, 24% used [0x00000000a0000000,0x00000000a426e950,0x00000000b0d80000)
 Metaspace       used 83907K, capacity 88008K, committed 88280K, reserved 1126400K
  class space    used 11247K, capacity 11979K, committed 12032K, reserved 1048576K
}
Event: 18.211 GC heap before
{Heap before GC invocations=27 (full 3):
 PSYoungGen      total 374784K, used 366899K [0x00000000e0000000, 0x00000000fda80000, 0x0000000100000000)
  eden space 336896K, 100% used [0x00000000e0000000,0x00000000f4900000,0x00000000f4900000)
  from space 37888K, 79% used [0x00000000f4900000,0x00000000f664cfb0,0x00000000f6e00000)
  to   space 39936K, 0% used [0x00000000fb380000,0x00000000fb380000,0x00000000fda80000)
 ParOldGen       total 275968K, used 68026K [0x00000000a0000000, 0x00000000b0d80000, 0x00000000e0000000)
  object space 275968K, 24% used [0x00000000a0000000,0x00000000a426e950,0x00000000b0d80000)
 Metaspace       used 83923K, capacity 88090K, committed 88280K, reserved 1126400K
  class space    used 11249K, capacity 11982K, committed 12032K, reserved 1048576K
Event: 18.239 GC heap after
Heap after GC invocations=27 (full 3):
 PSYoungGen      total 442880K, used 33335K [0x00000000e0000000, 0x00000000fe080000, 0x0000000100000000)
  eden space 402944K, 0% used [0x00000000e0000000,0x00000000e0000000,0x00000000f8980000)
  from space 39936K, 83% used [0x00000000fb380000,0x00000000fd40dca0,0x00000000fda80000)
  to   space 43008K, 0% used [0x00000000f8980000,0x00000000f8980000,0x00000000fb380000)
 ParOldGen       total 275968K, used 68278K [0x00000000a0000000, 0x00000000b0d80000, 0x00000000e0000000)
  object space 275968K, 24% used [0x00000000a0000000,0x00000000a42ad960,0x00000000b0d80000)
 Metaspace       used 83923K, capacity 88090K, committed 88280K, reserved 1126400K
  class space    used 11249K, capacity 11982K, committed 12032K, reserved 1048576K
}

